<?xml version="1.0" encoding="UTF-8"?>

<mule xmlns:xsi="http://www.w3.org/2001/XMLSchema-instance"
	xmlns:munit="http://www.mulesoft.org/schema/mule/munit" xmlns:munit-tools="http://www.mulesoft.org/schema/mule/munit-tools"
	xmlns="http://www.mulesoft.org/schema/mule/core" xmlns:doc="http://www.mulesoft.org/schema/mule/documentation"
	xsi:schemaLocation="
		http://www.mulesoft.org/schema/mule/core http://www.mulesoft.org/schema/mule/core/current/mule.xsd
		http://www.mulesoft.org/schema/mule/munit http://www.mulesoft.org/schema/mule/munit/current/mule-munit.xsd
		http://www.mulesoft.org/schema/mule/munit-tools  http://www.mulesoft.org/schema/mule/munit-tools/current/mule-munit-tools.xsd">
	<munit:config name="test-suite.xml" />
	<munit:test name="new-test-suite-pe-exp-global-sfdc:\get-listing-commercial-update-peTest" doc:id="e6fae953-b622-4d2c-b053-4136a8ce6032" description="Test">
		<munit:behavior >
			<set-payload value="#[readUrl('classpath://examples/amq-listing-commercial.json','application/json')]" doc:name="Set Payload" doc:id="20476160-20c2-4850-b6da-3da6d4c91ef1" />
			<munit-tools:mock-when doc:name="Mock Publish" doc:id="a22f3057-5620-4e8b-9e98-5b3362cf6aff" processor="anypoint-mq:publish">
				<munit-tools:with-attributes >
					<munit-tools:with-attribute whereValue="Publish to AMQ" attributeName="doc:name" />
					<munit-tools:with-attribute whereValue="3ef48bda-f31c-4c77-a8a8-405fe63d22d4" attributeName="doc:id" />
				</munit-tools:with-attributes>
				<munit-tools:then-return >
					<munit-tools:payload value="#[payload]" mediaType="application/java" />
				</munit-tools:then-return>
								
			</munit-tools:mock-when>
		</munit:behavior>
		<munit:execution >
			<flow-ref doc:name="Flow-ref to pe-exp-global-sfdc:\get-listing-commercial-update-pe" doc:id="6524a798-260d-4724-8493-19da0cc5ebc6" name="pe-exp-global-sfdc:\get-listing-commercial-update-pe"/>
		</munit:execution>
		<munit:validation>
			<munit-tools:assert-equals doc:name="Assert equals" doc:id="6a5f2e3e-da43-4c95-a03e-5657013734d2" actual="#[output application/json --- payload]" expected="#[readUrl('classpath://examples/amq-listing-commercial-resp.json','application/json')]" />
		</munit:validation>
	</munit:test>
	<munit:test name="new-test-suite-pe-exp-global-sfdc:\get-listing-publish-peTest" doc:id="24078ec3-42f4-4e12-9cd9-7d3f51921726" description="Test">
		<munit:behavior >
			<set-payload value="#[readUrl('classpath://examples/amq-listing-property.json','application/json')]" doc:name="Set Payload" doc:id="05584ff8-21a8-426f-86a7-9ab63202cfc9" />
			<munit-tools:mock-when doc:name="Mock Publish" doc:id="56587dac-a149-4d9e-9ce7-19cb8e6ad8fa" processor="anypoint-mq:publish">
				<munit-tools:with-attributes >
					<munit-tools:with-attribute whereValue="Publish to AMQ" attributeName="doc:name" />
					<munit-tools:with-attribute whereValue="af4aa00b-912a-4a80-a890-96edfef163b9" attributeName="doc:id" />
				</munit-tools:with-attributes>
			</munit-tools:mock-when>
		</munit:behavior>
		<munit:execution >
			<flow-ref doc:name="Flow-ref to pe-exp-global-sfdc:\get-listing-publish-pe" doc:id="95f08720-2613-440c-96d2-a8588c5ed368" name="pe-exp-global-sfdc:\get-listing-publish-pe"/>
		</munit:execution>
		<munit:validation >
			<munit-tools:assert-equals doc:name="Assert equals" doc:id="95860e2a-c2b6-4c24-8437-43c52c8988e3" actual="#[output application/json --- payload.payload]" expected="#[(readUrl('classpath://examples/amq-listing-property-resp.json','application/json')).payload]"/>
		</munit:validation>
	</munit:test>
	<munit:test name="new-test-suite-pe-exp-global-sfdc:\get-project-publish-peTest" doc:id="0ee77cd7-5e24-482c-9be5-befa5bbe6f15" description="Test">
		<munit:behavior >
			<set-payload value="#[readUrl('classpath://examples/amq-listing-project.json','application/json')]" doc:name="Set Payload" doc:id="e9d869c6-db38-4f04-8978-ab016bda35ea" />
			<munit-tools:mock-when doc:name="Mock Publish" doc:id="d578184e-eeae-4ea4-bcab-f781f3436657" processor="anypoint-mq:publish">
				<munit-tools:with-attributes >
					<munit-tools:with-attribute whereValue="Publish to AMQ" attributeName="doc:name" />
					<munit-tools:with-attribute whereValue="dce8dbd0-6452-4bd8-bf1a-b5400bc4bf4e" attributeName="doc:id" />
				</munit-tools:with-attributes>
			</munit-tools:mock-when>
		</munit:behavior>
		<munit:execution >
			<flow-ref doc:name="Flow-ref to pe-exp-global-sfdc:\get-project-publish-pe" doc:id="a55baa6e-6a44-4ddb-a71e-943d4ffded75" name="pe-exp-global-sfdc:\get-project-publish-pe"/>
		</munit:execution>
		<munit:validation >
			<munit-tools:assert-equals doc:name="Assert equals" doc:id="0b41323d-df39-47cf-9b38-e01d85c29b8a" actual="#[output application/json --- payload.payload]" expected="#[(readUrl('classpath://examples/amq-listing-project-resp.json','application/json')).payload]"/>
		</munit:validation>
	</munit:test>

</mule>
